                                   CAND up                                    
==============================================================================
Dep. Variable:                      y   R-squared:                       0.114
Model:                            WLS   Adj. R-squared:                  0.112
Method:                 Least Squares   F-statistic:                     53.59
Date:                Sat, 30 Nov 2019   Prob (F-statistic):           3.08e-82
Time:                        00:31:11   Log-Likelihood:                -21729.
No. Observations:                3344   AIC:                         4.348e+04
Df Residuals:                    3335   BIC:                         4.353e+04
Df Model:                           8                                         
Covariance Type:            nonrobust                                         
==========================================================================================================
                                             coef    std err          t      P>|t|      [0.025      0.975]
----------------------------------------------------------------------------------------------------------
t**0                                      40.9869      7.290      5.622      0.000      26.693      55.281
t**1                                       3.7807      2.912      1.298      0.194      -1.928       9.489
0.5 cycle sin                            -30.4553      3.852     -7.906      0.000     -38.008     -22.903
0.5 cycle cos                            -35.4241      3.754     -9.437      0.000     -42.784     -28.064
1.0 cycle sin                             43.7786      3.889     11.258      0.000      36.154      51.403
1.0 cycle cos                            -17.0863      3.795     -4.502      0.000     -24.528      -9.645
20031222 up offset                       -39.2081     13.083     -2.997      0.003     -64.860     -13.556
20040929 up logdecay tau 1 level shift   -31.7462     32.649     -0.972      0.331     -95.760      32.268
20040929 up logdecay tau 1 parameter      -0.0729      5.402     -0.013      0.989     -10.665      10.519
==============================================================================
Omnibus:                    10442.079   Durbin-Watson:                   1.789
Prob(Omnibus):                  0.000   Jarque-Bera (JB):        938034035.154
Skew:                          47.787   Prob(JB):                         0.00
Kurtosis:                    2595.907   Cond. No.                         84.8
==============================================================================

Warnings:
[1] Standard Errors assume that the covariance matrix of the errors is correctly specified.